----------------------------------------------------------------
Tue Jul 10 12:28:18 CEST 2018:
 Iniciando instancia a816c00e-0164-83bc-1208-000006bd5708 de Derby, versión The Apache Software Foundation - Apache Derby - 10.11.1.2 - (1629631): 
en el directorio de base de datos /home/agomez/NetBeansProjects/SPAMDA/DB/buoysDatabase con el cargador de clases sun.misc.Launcher$AppClassLoader@66d3c617
Cargado desde file:/home/agomez/jdk1.8.0_151/db/lib/derby.jar
java.vendor=Oracle Corporation
java.runtime.version=1.8.0_151-b12
user.dir=/home/agomez/NetBeansProjects/SPAMDA
os.name=Linux
os.arch=amd64
os.version=4.4.0-130-generic
derby.system.home=null
Cargador de clases de base de datos iniciado - derby.database.classpath=''
----------------------------------------------------------------
Tue Jul 10 12:28:18 CEST 2018:
Cerrando la instancia a816c00e-0164-83bc-1208-000006bd5708 en el directorio de base de datos /home/agomez/NetBeansProjects/SPAMDA/DB/buoysDatabase con cargador de clases sun.misc.Launcher$AppClassLoader@66d3c617
----------------------------------------------------------------
Tue Jul 10 12:28:18 CEST 2018:
 Iniciando instancia a02ac013-0164-83bc-1208-000006bd5708 de Derby, versión The Apache Software Foundation - Apache Derby - 10.11.1.2 - (1629631): 
en el directorio de base de datos /home/agomez/NetBeansProjects/SPAMDA/DB/reanalysisDatabase con el cargador de clases sun.misc.Launcher$AppClassLoader@66d3c617
Cargado desde file:/home/agomez/jdk1.8.0_151/db/lib/derby.jar
java.vendor=Oracle Corporation
java.runtime.version=1.8.0_151-b12
user.dir=/home/agomez/NetBeansProjects/SPAMDA
os.name=Linux
os.arch=amd64
os.version=4.4.0-130-generic
derby.system.home=null
Cargador de clases de base de datos iniciado - derby.database.classpath=''
----------------------------------------------------------------
Tue Jul 10 12:28:18 CEST 2018:
Cerrando la instancia a02ac013-0164-83bc-1208-000006bd5708 en el directorio de base de datos /home/agomez/NetBeansProjects/SPAMDA/DB/reanalysisDatabase con cargador de clases sun.misc.Launcher$AppClassLoader@66d3c617
